<?xml version="1.0" encoding="UTF-8"?>
<!-- Generated by org.testng.reporters.JUnitReportReporter -->
<testsuite skipped="0" hostname="Home-PC" name="com.mycompany.app.FirstTestMaven" tests="1" failures="0" timestamp="25 Nov 2018 06:19:29 GMT" time="0.013" errors="0">
  <testcase name="sample1" time="0.013" classname="com.mycompany.app.FirstTestMaven"/>
</testsuite> <!-- com.mycompany.app.FirstTestMaven -->
