<?xml version="1.0" encoding="UTF-8"?>
<!-- Generated by org.testng.reporters.JUnitReportReporter -->
<testsuite skipped="0" hostname="Home-PC" name="testDataPak.testDataProvider" tests="4" failures="0" timestamp="08 Dec 2018 04:43:50 GMT" time="0.026" errors="0">
  <testcase name="testDataProvider2" time="0.015" classname="testDataPak.testDataProvider"/>
  <testcase name="testDataProvider2" time="0.002" classname="testDataPak.testDataProvider"/>
  <testcase name="testDataProvider2" time="0.002" classname="testDataPak.testDataProvider"/>
  <testcase name="testDataProvider2" time="0.007" classname="testDataPak.testDataProvider"/>
</testsuite> <!-- testDataPak.testDataProvider -->
