<?xml version="1.0" encoding="UTF-8"?>
<!-- Generated by org.testng.reporters.JUnitReportReporter -->
<testsuite skipped="0" hostname="Home-PC" name="com.mycompany.app.Screenshotex" tests="1" failures="0" timestamp="02 Dec 2018 06:14:21 GMT" time="9.859" errors="0">
  <testcase name="TestJavaS1" time="9.859" classname="com.mycompany.app.Screenshotex"/>
</testsuite> <!-- com.mycompany.app.Screenshotex -->
