<?xml version="1.0" encoding="UTF-8"?>
<!-- Generated by org.testng.reporters.JUnitReportReporter -->
<testsuite skipped="0" hostname="Home-PC" name="com.mycompany.app.Calling$toGettingData" tests="1" failures="0" timestamp="08 Dec 2018 05:14:51 GMT" time="0.010" errors="0">
  <testcase name="toReadDataFile" time="0.010" classname="com.mycompany.app.Calling$toGettingData"/>
</testsuite> <!-- com.mycompany.app.Calling$toGettingData -->
